[
  {
    "line": 2,
    "elements": [
      {
        "line": 4,
        "name": "",
        "description": "",
        "type": "background",
        "keyword": "Background",
        "steps": [
          {
            "result": {
              "duration": 200989800,
              "status": "passed"
            },
            "line": 5,
            "name": "User enters Adactin Page",
            "match": {
              "location": "StepDefinitionClass.user_enters_Adactin_Page()"
            },
            "keyword": "Given "
          }
        ]
      },
      {
        "before": [
          {
            "result": {
              "duration": 58484412400,
              "status": "passed"
            },
            "match": {
              "location": "Hooks.beforeScenario()"
            }
          }
        ],
        "line": 7,
        "name": "To valdiate by providing valid email ID.",
        "description": "",
        "id": "to-validate-the-forgot-password-functionality-in-adactin-hotel-application;to-valdiate-by-providing-valid-email-id.",
        "after": [
          {
            "result": {
              "duration": 701279100,
              "status": "passed"
            },
            "match": {
              "location": "Hooks.afterScenario()"
            }
          }
        ],
        "type": "scenario",
        "keyword": "Scenario",
        "steps": [
          {
            "result": {
              "duration": 973757800,
              "error_message": "org.openqa.selenium.NoSuchElementException: no such element: Unable to locate element: {\"method\":\"css selector\",\"selector\":\"#submit\"}\n  (Session info: chrome\u003d104.0.5112.79)\nFor documentation on this error, please visit: https://selenium.dev/exceptions/#no_such_element\nBuild info: version: \u00274.3.0\u0027, revision: \u0027a4995e2c09*\u0027\nSystem info: host: \u0027LAPTOP-M1QCSK2F\u0027, ip: \u0027192.168.0.100\u0027, os.name: \u0027Windows 10\u0027, os.arch: \u0027amd64\u0027, os.version: \u002710.0\u0027, java.version: \u00271.8.0_241\u0027\nDriver info: org.openqa.selenium.chrome.ChromeDriver\nCommand: [2c858f2f6f18dcc150f8a466699c9c3d, findElement {using\u003did, value\u003dsubmit}]\nCapabilities {acceptInsecureCerts: false, browserName: chrome, browserVersion: 104.0.5112.79, chrome: {chromedriverVersion: 104.0.5112.79 (3cf3e8c8a07d..., userDataDir: C:\\Users\\HP\\AppData\\Local\\T...}, goog:chromeOptions: {debuggerAddress: localhost:52170}, networkConnectionEnabled: false, pageLoadStrategy: normal, platformName: WINDOWS, proxy: Proxy(), se:cdp: ws://localhost:52170/devtoo..., se:cdpVersion: 104.0.5112.79, setWindowRect: true, strictFileInteractability: false, timeouts: {implicit: 0, pageLoad: 300000, script: 30000}, unhandledPromptBehavior: dismiss and notify, webauthn:extension:credBlob: true, webauthn:extension:largeBlob: true, webauthn:virtualAuthenticators: true}\nSession ID: 2c858f2f6f18dcc150f8a466699c9c3d\r\n\tat sun.reflect.NativeConstructorAccessorImpl.newInstance0(Native Method)\r\n\tat sun.reflect.NativeConstructorAccessorImpl.newInstance(NativeConstructorAccessorImpl.java:62)\r\n\tat sun.reflect.DelegatingConstructorAccessorImpl.newInstance(DelegatingConstructorAccessorImpl.java:45)\r\n\tat java.lang.reflect.Constructor.newInstance(Constructor.java:423)\r\n\tat org.openqa.selenium.remote.codec.w3c.W3CHttpResponseCodec.createException(W3CHttpResponseCodec.java:200)\r\n\tat org.openqa.selenium.remote.codec.w3c.W3CHttpResponseCodec.decode(W3CHttpResponseCodec.java:133)\r\n\tat org.openqa.selenium.remote.codec.w3c.W3CHttpResponseCodec.decode(W3CHttpResponseCodec.java:53)\r\n\tat org.openqa.selenium.remote.HttpCommandExecutor.execute(HttpCommandExecutor.java:184)\r\n\tat org.openqa.selenium.remote.service.DriverCommandExecutor.invokeExecute(DriverCommandExecutor.java:167)\r\n\tat org.openqa.selenium.remote.service.DriverCommandExecutor.execute(DriverCommandExecutor.java:142)\r\n\tat org.openqa.selenium.remote.RemoteWebDriver.execute(RemoteWebDriver.java:569)\r\n\tat org.openqa.selenium.remote.ElementLocation$ElementFinder$2.findElement(ElementLocation.java:162)\r\n\tat org.openqa.selenium.remote.ElementLocation.findElement(ElementLocation.java:60)\r\n\tat org.openqa.selenium.remote.RemoteWebDriver.findElement(RemoteWebDriver.java:387)\r\n\tat org.openqa.selenium.remote.RemoteWebDriver.findElement(RemoteWebDriver.java:379)\r\n\tat org.openqa.selenium.support.pagefactory.DefaultElementLocator.findElement(DefaultElementLocator.java:70)\r\n\tat org.openqa.selenium.support.pagefactory.internal.LocatingElementHandler.invoke(LocatingElementHandler.java:39)\r\n\tat com.sun.proxy.$Proxy21.click(Unknown Source)\r\n\tat org.definition.step.StepDefinitionClass.user_go_to_forgot_password_page_and_enter_valid_email_ID(StepDefinitionClass.java:84)\r\n\tat ✽.When User go to forgot password page and enter valid email ID(ForgotPassword.feature:8)\r\n",
              "status": "failed"
            },
            "line": 8,
            "name": "User go to forgot password page and enter valid email ID",
            "match": {
              "location": "StepDefinitionClass.user_go_to_forgot_password_page_and_enter_valid_email_ID(DataTable)"
            },
            "rows": [
              {
                "cells": [
                  "abc@gmail.com",
                  "mangaimanivel@gmail.com",
                  "9597803319",
                  "mangaimanivel20oct1995@gmail.com",
                  "Selenium@Java"
                ],
                "line": 9
              }
            ],
            "keyword": "When "
          },
          {
            "result": {
              "status": "skipped"
            },
            "line": 10,
            "name": "Close the browser",
            "match": {
              "location": "StepDefinitionClass.close_the_browser()"
            },
            "keyword": "Then "
          }
        ]
      },
      {
        "line": 4,
        "name": "",
        "description": "",
        "type": "background",
        "keyword": "Background",
        "steps": [
          {
            "result": {
              "duration": 34300,
              "status": "passed"
            },
            "line": 5,
            "name": "User enters Adactin Page",
            "match": {
              "location": "StepDefinitionClass.user_enters_Adactin_Page()"
            },
            "keyword": "Given "
          }
        ]
      },
      {
        "before": [
          {
            "result": {
              "duration": 54002121800,
              "status": "passed"
            },
            "match": {
              "location": "Hooks.beforeScenario()"
            }
          }
        ],
        "line": 12,
        "name": "To valdiate by providing Invalid email ID.",
        "description": "",
        "id": "to-validate-the-forgot-password-functionality-in-adactin-hotel-application;to-valdiate-by-providing-invalid-email-id.",
        "after": [
          {
            "result": {
              "duration": 810809600,
              "status": "passed"
            },
            "match": {
              "location": "Hooks.afterScenario()"
            }
          }
        ],
        "type": "scenario",
        "keyword": "Scenario",
        "steps": [
          {
            "result": {
              "duration": 1239308400,
              "error_message": "org.openqa.selenium.NoSuchElementException: no such element: Unable to locate element: {\"method\":\"css selector\",\"selector\":\"#submit\"}\n  (Session info: chrome\u003d104.0.5112.79)\nFor documentation on this error, please visit: https://selenium.dev/exceptions/#no_such_element\nBuild info: version: \u00274.3.0\u0027, revision: \u0027a4995e2c09*\u0027\nSystem info: host: \u0027LAPTOP-M1QCSK2F\u0027, ip: \u0027192.168.0.100\u0027, os.name: \u0027Windows 10\u0027, os.arch: \u0027amd64\u0027, os.version: \u002710.0\u0027, java.version: \u00271.8.0_241\u0027\nDriver info: org.openqa.selenium.chrome.ChromeDriver\nCommand: [7bf7ceb1ba6bcfe5fb0528e04fe5ae6d, findElement {using\u003did, value\u003dsubmit}]\nCapabilities {acceptInsecureCerts: false, browserName: chrome, browserVersion: 104.0.5112.79, chrome: {chromedriverVersion: 104.0.5112.79 (3cf3e8c8a07d..., userDataDir: C:\\Users\\HP\\AppData\\Local\\T...}, goog:chromeOptions: {debuggerAddress: localhost:52206}, networkConnectionEnabled: false, pageLoadStrategy: normal, platformName: WINDOWS, proxy: Proxy(), se:cdp: ws://localhost:52206/devtoo..., se:cdpVersion: 104.0.5112.79, setWindowRect: true, strictFileInteractability: false, timeouts: {implicit: 0, pageLoad: 300000, script: 30000}, unhandledPromptBehavior: dismiss and notify, webauthn:extension:credBlob: true, webauthn:extension:largeBlob: true, webauthn:virtualAuthenticators: true}\nSession ID: 7bf7ceb1ba6bcfe5fb0528e04fe5ae6d\r\n\tat sun.reflect.NativeConstructorAccessorImpl.newInstance0(Native Method)\r\n\tat sun.reflect.NativeConstructorAccessorImpl.newInstance(NativeConstructorAccessorImpl.java:62)\r\n\tat sun.reflect.DelegatingConstructorAccessorImpl.newInstance(DelegatingConstructorAccessorImpl.java:45)\r\n\tat java.lang.reflect.Constructor.newInstance(Constructor.java:423)\r\n\tat org.openqa.selenium.remote.codec.w3c.W3CHttpResponseCodec.createException(W3CHttpResponseCodec.java:200)\r\n\tat org.openqa.selenium.remote.codec.w3c.W3CHttpResponseCodec.decode(W3CHttpResponseCodec.java:133)\r\n\tat org.openqa.selenium.remote.codec.w3c.W3CHttpResponseCodec.decode(W3CHttpResponseCodec.java:53)\r\n\tat org.openqa.selenium.remote.HttpCommandExecutor.execute(HttpCommandExecutor.java:184)\r\n\tat org.openqa.selenium.remote.service.DriverCommandExecutor.invokeExecute(DriverCommandExecutor.java:167)\r\n\tat org.openqa.selenium.remote.service.DriverCommandExecutor.execute(DriverCommandExecutor.java:142)\r\n\tat org.openqa.selenium.remote.RemoteWebDriver.execute(RemoteWebDriver.java:569)\r\n\tat org.openqa.selenium.remote.ElementLocation$ElementFinder$2.findElement(ElementLocation.java:162)\r\n\tat org.openqa.selenium.remote.ElementLocation.findElement(ElementLocation.java:60)\r\n\tat org.openqa.selenium.remote.RemoteWebDriver.findElement(RemoteWebDriver.java:387)\r\n\tat org.openqa.selenium.remote.RemoteWebDriver.findElement(RemoteWebDriver.java:379)\r\n\tat org.openqa.selenium.support.pagefactory.DefaultElementLocator.findElement(DefaultElementLocator.java:70)\r\n\tat org.openqa.selenium.support.pagefactory.internal.LocatingElementHandler.invoke(LocatingElementHandler.java:39)\r\n\tat com.sun.proxy.$Proxy21.click(Unknown Source)\r\n\tat org.definition.step.StepDefinitionClass.user_go_to_forgot_password_page_and_enter_Invalid_email_ID(StepDefinitionClass.java:94)\r\n\tat ✽.When User go to forgot password page and enter Invalid email ID(ForgotPassword.feature:13)\r\n",
              "status": "failed"
            },
            "line": 13,
            "name": "User go to forgot password page and enter Invalid email ID",
            "match": {
              "location": "StepDefinitionClass.user_go_to_forgot_password_page_and_enter_Invalid_email_ID(DataTable)"
            },
            "rows": [
              {
                "cells": [
                  "mangai",
                  "mangaimanivel"
                ],
                "line": 14
              },
              {
                "cells": [
                  "abc",
                  "abc@gmail.com"
                ],
                "line": 15
              },
              {
                "cells": [
                  "phone",
                  "9597803319"
                ],
                "line": 16
              }
            ],
            "keyword": "When "
          },
          {
            "result": {
              "status": "skipped"
            },
            "line": 17,
            "name": "Close the browser",
            "match": {
              "location": "StepDefinitionClass.close_the_browser()"
            },
            "keyword": "Then "
          }
        ]
      }
    ],
    "name": "To Validate the Forgot Password functionality in Adactin hotel application",
    "description": "",
    "id": "to-validate-the-forgot-password-functionality-in-adactin-hotel-application",
    "keyword": "Feature",
    "uri": "ForgotPassword.feature",
    "tags": [
      {
        "line": 1,
        "name": "@password"
      }
    ]
  }
]